<?xml version="1.0" encoding="UTF-8"?>
<testsuite xmlns:xsi="http://www.w3.org/2001/XMLSchema-instance" xsi:noNamespaceSchemaLocation="https://maven.apache.org/surefire/maven-surefire-plugin/xsd/surefire-test-report.xsd" name="com.nameNotFound.javaChess.PieceTests" time="0.001" tests="12" errors="0" skipped="0" failures="0">
  <properties>
[...]
</properties>
  <testcase name="knightTakesTest" classname="com.nameNotFound.javaChess.PieceTests" time="0"/>
  <testcase name="bishopTakesTest" classname="com.nameNotFound.javaChess.PieceTests" time="0"/>
  <testcase name="RookMovementTest" classname="com.nameNotFound.javaChess.PieceTests" time="0"/>
  <testcase name="kingTakesTest" classname="com.nameNotFound.javaChess.PieceTests" time="0"/>
  <testcase name="kingMovementTest" classname="com.nameNotFound.javaChess.PieceTests" time="0"/>
  <testcase name="QueenTakesTest" classname="com.nameNotFound.javaChess.PieceTests" time="0"/>
  <testcase name="pawnMovementTest" classname="com.nameNotFound.javaChess.PieceTests" time="0"/>
  <testcase name="knightMovementTest" classname="com.nameNotFound.javaChess.PieceTests" time="0"/>
  <testcase name="RookTakesTest" classname="com.nameNotFound.javaChess.PieceTests" time="0"/>
  <testcase name="pawnTakesTest" classname="com.nameNotFound.javaChess.PieceTests" time="0"/>
  <testcase name="bishopMovementTest" classname="com.nameNotFound.javaChess.PieceTests" time="0"/>
  <testcase name="QueenMovementTest" classname="com.nameNotFound.javaChess.PieceTests" time="0"/>
</testsuite>